https://3b1b.github.io/manim/
1
https://angular.io
194
https://arxiv.org
1
https://blog.csssr.com/ru
32
https://brave.com/
1
https://browser.yandex.ru
1
https://bureau.ru/books/manifesto/
96
https://css-tricks.com
0
https://developer.mozilla.org/ru/
1
https://docs.racket-lang.org/pollen/
0
https://docsify.js.org
1
https://e-maxx.ru/algo/
0
https://effector.dev
1
https://elm-lang.org
16
https://git-scm.com
1
https://github.com
1
https://habr.com/ru/
BAD CODE 302
0
https://infernojs.org
BAD CODE 308
0
https://ium.mccme.ru
0
https://lit.dev
1
https://markojs.com
32
https://mobx.js.org/README.html
1
https://platform.html5.org
0
https://reactjs.org
1
https://reasonml.github.io/ru/
1
https://reatom.js.org
0
https://redux.js.org
1
https://servo.org
1
https://spec.whatwg.org
1
https://svelte.dev
1
https://vivaldi.com/ru/
192
https://vuejs.org
192
https://web-standards.ru
160
https://webdevblog.ru
192
https://www.apple.com/ru/safari/
0
https://www.google.ru/chrome/
192
https://www.mozilla.org/ru/firefox/new/
196
https://www.smashingmagazine.com
1
https://www.solidjs.com
32
https://www.typescriptlang.org
1
https://webpack.js.org
512
https://rollupjs.org/guide/en/
1
https://parceljs.org
1
https://esbuild.github.io
0
https://rome.tools
1
https://vitejs.dev
0
https://www.snowpack.dev
32
https://xstate.js.org/docs/
0
https://www.purescript.org
256
https://doka.guide
1
https://devdocs.io
1
https://learn.javascript.ru
1
